[1012/184414:ERROR:angle_platform_impl.cc(33)] ANGLE Display::initialize error 5: DXGI 1.2 required to present to HWNDs owned by another process.
[1012/184414:ERROR:gl_surface_egl.cc(594)] eglInitialize D3D11 failed with error EGL_NOT_INITIALIZED, trying next display type
[0209/043538:INFO:CONSOLE(172)] "一张网页，要经历怎样的过程，才能抵达用户面前？
一位新人，要经历怎样的成长，才能站在技术之巅？
探寻这里的秘密；
体验这里的挑战；
成为这里的主人；
加入百度，加入网页搜索，你，可以影响世界。
", source: https://ss1.bdstatic.com/5eN1bjq8AAUYm2zgoY3K/r/www/cache/static/protocol/https/global/js/all_async_search_240007d.js (172)
[0209/043538:INFO:CONSOLE(172)] "请将简历发送至 %c ps_recruiter@baidu.com（ 邮件标题请以“姓名-应聘XX职位-来自console”命名）", source: https://ss1.bdstatic.com/5eN1bjq8AAUYm2zgoY3K/r/www/cache/static/protocol/https/global/js/all_async_search_240007d.js (172)
[0209/043538:INFO:CONSOLE(172)] "职位介绍：http://dwz.cn/hr2013", source: https://ss1.bdstatic.com/5eN1bjq8AAUYm2zgoY3K/r/www/cache/static/protocol/https/global/js/all_async_search_240007d.js (172)
[0209/043545:INFO:CONSOLE(1)] "Uncaught SyntaxError: Unexpected token <", source: sharpbrowser://storage/errors/cannotConnect.html (1)
[0209/043602:ERROR:ipc_channel_win.cc(217)] pipe error: 109
[0209/044046:ERROR:ipc_channel_win.cc(217)] pipe error: 109
[0209/044047:ERROR:ipc_channel_win.cc(217)] pipe error: 109
[0209/044439:INFO:CONSOLE(0)] "Synchronous XMLHttpRequest on the main thread is deprecated because of its detrimental effects to the end user's experience. For more help, check https://xhr.spec.whatwg.org/.", source:  (0)
[0209/044457:INFO:CONSOLE(0)] "Synchronous XMLHttpRequest on the main thread is deprecated because of its detrimental effects to the end user's experience. For more help, check https://xhr.spec.whatwg.org/.", source:  (0)
[0209/044500:INFO:CONSOLE(0)] "Synchronous XMLHttpRequest on the main thread is deprecated because of its detrimental effects to the end user's experience. For more help, check https://xhr.spec.whatwg.org/.", source:  (0)
[0209/044510:INFO:CONSOLE(19)] "http://yzg.diy1000.com/", source: http://yzg.diy1000.com//bin/WebLaucher.html?sign=2baa1bbcdeb55ceeb7a330ea663ed45f&serverid=1&username=v5yx22v5yx&time=1486586822&pf=zeen&cm=1 (19)
[0209/044523:ERROR:ipc_channel_win.cc(217)] pipe error: 109
[0209/044614:INFO:CONSOLE(0)] "Synchronous XMLHttpRequest on the main thread is deprecated because of its detrimental effects to the end user's experience. For more help, check https://xhr.spec.whatwg.org/.", source:  (0)
[0209/044754:INFO:CONSOLE(0)] "Synchronous XMLHttpRequest on the main thread is deprecated because of its detrimental effects to the end user's experience. For more help, check https://xhr.spec.whatwg.org/.", source:  (0)
[0209/045827:INFO:CONSOLE(0)] "Synchronous XMLHttpRequest on the main thread is deprecated because of its detrimental effects to the end user's experience. For more help, check https://xhr.spec.whatwg.org/.", source:  (0)
[0209/045833:ERROR:ipc_channel_win.cc(519)] pipe error: 232
[0209/045833:ERROR:ipc_channel_win.cc(217)] pipe error: 109
[0209/050445:WARNING:backend_impl.cc(1807)] Destroying invalid entry.
[0209/050445:WARNING:backend_impl.cc(1807)] Destroying invalid entry.
[0209/050446:INFO:CONSOLE(0)] "Synchronous XMLHttpRequest on the main thread is deprecated because of its detrimental effects to the end user's experience. For more help, check https://xhr.spec.whatwg.org/.", source:  (0)
[0209/050446:WARNING:backend_impl.cc(1807)] Destroying invalid entry.
[0209/050451:ERROR:ipc_channel_win.cc(217)] pipe error: 109
[0209/050543:INFO:CONSOLE(0)] "Synchronous XMLHttpRequest on the main thread is deprecated because of its detrimental effects to the end user's experience. For more help, check https://xhr.spec.whatwg.org/.", source:  (0)
[0209/051105:INFO:CONSOLE(0)] "Synchronous XMLHttpRequest on the main thread is deprecated because of its detrimental effects to the end user's experience. For more help, check https://xhr.spec.whatwg.org/.", source:  (0)
[0209/051232:INFO:CONSOLE(0)] "Synchronous XMLHttpRequest on the main thread is deprecated because of its detrimental effects to the end user's experience. For more help, check https://xhr.spec.whatwg.org/.", source:  (0)
[0209/051252:INFO:CONSOLE(0)] "Synchronous XMLHttpRequest on the main thread is deprecated because of its detrimental effects to the end user's experience. For more help, check https://xhr.spec.whatwg.org/.", source:  (0)
[0209/051256:ERROR:ipc_channel_win.cc(482)] pipe error: 995
[0209/052505:INFO:CONSOLE(0)] "Synchronous XMLHttpRequest on the main thread is deprecated because of its detrimental effects to the end user's experience. For more help, check https://xhr.spec.whatwg.org/.", source:  (0)
[0209/052515:ERROR:ipc_channel_win.cc(217)] pipe error: 109
[0209/052601:INFO:CONSOLE(0)] "Synchronous XMLHttpRequest on the main thread is deprecated because of its detrimental effects to the end user's experience. For more help, check https://xhr.spec.whatwg.org/.", source:  (0)
[0209/052612:ERROR:ipc_channel_win.cc(519)] pipe error: 232
[0209/052722:INFO:CONSOLE(0)] "Synchronous XMLHttpRequest on the main thread is deprecated because of its detrimental effects to the end user's experience. For more help, check https://xhr.spec.whatwg.org/.", source:  (0)
[0209/052833:INFO:CONSOLE(0)] "Synchronous XMLHttpRequest on the main thread is deprecated because of its detrimental effects to the end user's experience. For more help, check https://xhr.spec.whatwg.org/.", source:  (0)
[0209/053023:INFO:CONSOLE(0)] "Synchronous XMLHttpRequest on the main thread is deprecated because of its detrimental effects to the end user's experience. For more help, check https://xhr.spec.whatwg.org/.", source:  (0)
[0209/053036:INFO:CONSOLE(0)] "Synchronous XMLHttpRequest on the main thread is deprecated because of its detrimental effects to the end user's experience. For more help, check https://xhr.spec.whatwg.org/.", source:  (0)
[0209/053042:INFO:CONSOLE(0)] "Synchronous XMLHttpRequest on the main thread is deprecated because of its detrimental effects to the end user's experience. For more help, check https://xhr.spec.whatwg.org/.", source:  (0)
[0209/053050:INFO:CONSOLE(0)] "Synchronous XMLHttpRequest on the main thread is deprecated because of its detrimental effects to the end user's experience. For more help, check https://xhr.spec.whatwg.org/.", source:  (0)
[0209/053104:ERROR:ipc_channel_win.cc(217)] pipe error: 109
[0209/055149:INFO:CONSOLE(0)] "Synchronous XMLHttpRequest on the main thread is deprecated because of its detrimental effects to the end user's experience. For more help, check https://xhr.spec.whatwg.org/.", source:  (0)
[0209/055339:INFO:CONSOLE(0)] "Synchronous XMLHttpRequest on the main thread is deprecated because of its detrimental effects to the end user's experience. For more help, check https://xhr.spec.whatwg.org/.", source:  (0)
[0209/055441:WARNING:backend_impl.cc(1807)] Destroying invalid entry.
[0209/055441:INFO:CONSOLE(0)] "Synchronous XMLHttpRequest on the main thread is deprecated because of its detrimental effects to the end user's experience. For more help, check https://xhr.spec.whatwg.org/.", source:  (0)
[0209/055452:WARNING:backend_impl.cc(1807)] Destroying invalid entry.
[0209/055452:INFO:CONSOLE(0)] "Synchronous XMLHttpRequest on the main thread is deprecated because of its detrimental effects to the end user's experience. For more help, check https://xhr.spec.whatwg.org/.", source:  (0)
[0209/055944:INFO:CONSOLE(0)] "Synchronous XMLHttpRequest on the main thread is deprecated because of its detrimental effects to the end user's experience. For more help, check https://xhr.spec.whatwg.org/.", source:  (0)
[0209/060055:INFO:CONSOLE(0)] "Synchronous XMLHttpRequest on the main thread is deprecated because of its detrimental effects to the end user's experience. For more help, check https://xhr.spec.whatwg.org/.", source:  (0)
[0209/060219:INFO:CONSOLE(0)] "Synchronous XMLHttpRequest on the main thread is deprecated because of its detrimental effects to the end user's experience. For more help, check https://xhr.spec.whatwg.org/.", source:  (0)
[0209/060224:ERROR:ipc_channel_win.cc(217)] pipe error: 109
[0209/060300:INFO:CONSOLE(0)] "Synchronous XMLHttpRequest on the main thread is deprecated because of its detrimental effects to the end user's experience. For more help, check https://xhr.spec.whatwg.org/.", source:  (0)
[0209/060314:INFO:CONSOLE(0)] "Synchronous XMLHttpRequest on the main thread is deprecated because of its detrimental effects to the end user's experience. For more help, check https://xhr.spec.whatwg.org/.", source:  (0)
[0209/060356:INFO:CONSOLE(0)] "Synchronous XMLHttpRequest on the main thread is deprecated because of its detrimental effects to the end user's experience. For more help, check https://xhr.spec.whatwg.org/.", source:  (0)
[0209/060425:INFO:CONSOLE(0)] "Synchronous XMLHttpRequest on the main thread is deprecated because of its detrimental effects to the end user's experience. For more help, check https://xhr.spec.whatwg.org/.", source:  (0)
[0209/060447:INFO:CONSOLE(0)] "Synchronous XMLHttpRequest on the main thread is deprecated because of its detrimental effects to the end user's experience. For more help, check https://xhr.spec.whatwg.org/.", source:  (0)
[0209/060451:INFO:CONSOLE(0)] "Synchronous XMLHttpRequest on the main thread is deprecated because of its detrimental effects to the end user's experience. For more help, check https://xhr.spec.whatwg.org/.", source:  (0)
[0209/060838:INFO:CONSOLE(0)] "Synchronous XMLHttpRequest on the main thread is deprecated because of its detrimental effects to the end user's experience. For more help, check https://xhr.spec.whatwg.org/.", source:  (0)
[0209/060851:ERROR:browser_host_impl.cc(1517)] Invalid URL passed to CefBrowserHostImpl::LoadURL: http://about:blank
[0209/060925:INFO:CONSOLE(0)] "Synchronous XMLHttpRequest on the main thread is deprecated because of its detrimental effects to the end user's experience. For more help, check https://xhr.spec.whatwg.org/.", source:  (0)
[0209/060940:INFO:CONSOLE(0)] "Synchronous XMLHttpRequest on the main thread is deprecated because of its detrimental effects to the end user's experience. For more help, check https://xhr.spec.whatwg.org/.", source:  (0)
[0209/060958:INFO:CONSOLE(7)] "The key "target-densitydpi" is not supported.", source: http://qm.qq.com/cgi-bin/qm/qr?k=sPaKegzeTcsMH89SW4f5IdZZBsQmF5Tq (7)
[0209/061127:ERROR:ipc_channel_win.cc(217)] pipe error: 109
[0209/061144:INFO:CONSOLE(7)] "The key "target-densitydpi" is not supported.", source: http://qm.qq.com/cgi-bin/qm/qr?k=sPaKegzeTcsMH89SW4f5IdZZBsQmF5Tq (7)
[0209/061213:INFO:CONSOLE(0)] "Synchronous XMLHttpRequest on the main thread is deprecated because of its detrimental effects to the end user's experience. For more help, check https://xhr.spec.whatwg.org/.", source:  (0)
[0209/061334:INFO:CONSOLE(0)] "Synchronous XMLHttpRequest on the main thread is deprecated because of its detrimental effects to the end user's experience. For more help, check https://xhr.spec.whatwg.org/.", source:  (0)
[0209/061428:INFO:CONSOLE(0)] "Synchronous XMLHttpRequest on the main thread is deprecated because of its detrimental effects to the end user's experience. For more help, check https://xhr.spec.whatwg.org/.", source:  (0)
[0209/061442:INFO:CONSOLE(0)] "Synchronous XMLHttpRequest on the main thread is deprecated because of its detrimental effects to the end user's experience. For more help, check https://xhr.spec.whatwg.org/.", source:  (0)
[0209/061444:INFO:CONSOLE(0)] "Synchronous XMLHttpRequest on the main thread is deprecated because of its detrimental effects to the end user's experience. For more help, check https://xhr.spec.whatwg.org/.", source:  (0)
[0209/061447:INFO:CONSOLE(19)] "http://yzg.diy1000.com/", source: http://yzg.diy1000.com//bin/WebLaucher.html?sign=298a8c877c8a9f2622316ac8754335e0&serverid=1&username=v5yx22v5yx&time=1486592204&pf=zeen&cm=1 (19)
[0209/061502:INFO:CONSOLE(7)] "The key "target-densitydpi" is not supported.", source: http://qm.qq.com/cgi-bin/qm/qr?k=sPaKegzeTcsMH89SW4f5IdZZBsQmF5Tq (7)
[0209/061619:INFO:CONSOLE(0)] "Synchronous XMLHttpRequest on the main thread is deprecated because of its detrimental effects to the end user's experience. For more help, check https://xhr.spec.whatwg.org/.", source:  (0)
[0209/061628:INFO:CONSOLE(7)] "The key "target-densitydpi" is not supported.", source: http://qm.qq.com/cgi-bin/qm/qr?k=sPaKegzeTcsMH89SW4f5IdZZBsQmF5Tq (7)
[0209/061633:ERROR:ipc_channel_win.cc(217)] pipe error: 109
[0209/061934:INFO:CONSOLE(0)] "Synchronous XMLHttpRequest on the main thread is deprecated because of its detrimental effects to the end user's experience. For more help, check https://xhr.spec.whatwg.org/.", source:  (0)
[0209/062137:INFO:CONSOLE(0)] "Synchronous XMLHttpRequest on the main thread is deprecated because of its detrimental effects to the end user's experience. For more help, check https://xhr.spec.whatwg.org/.", source:  (0)
[0209/062236:INFO:CONSOLE(0)] "Synchronous XMLHttpRequest on the main thread is deprecated because of its detrimental effects to the end user's experience. For more help, check https://xhr.spec.whatwg.org/.", source:  (0)
[0209/062246:ERROR:gles2_cmd_decoder.cc(14683)] [.CommandBufferContext.DisplayCompositor-0AAF2A70]GL ERROR :GL_INVALID_OPERATION : glCreateAndConsumeTextureCHROMIUM: invalid mailbox name
[0209/062246:ERROR:gles2_cmd_decoder.cc(7857)] [.CommandBufferContext.DisplayCompositor-0AAF2A70]RENDER WARNING: texture bound to texture unit 0 is not renderable. It maybe non-power-of-2 and have incompatible texture filtering.
[0209/062246:ERROR:gles2_cmd_decoder.cc(14683)] [.CommandBufferContext.DisplayCompositor-0AAF2A70]GL ERROR :GL_INVALID_OPERATION : glCreateAndConsumeTextureCHROMIUM: invalid mailbox name
[0209/062246:ERROR:gles2_cmd_decoder.cc(7857)] [.CommandBufferContext.DisplayCompositor-0AAF2A70]RENDER WARNING: texture bound to texture unit 0 is not renderable. It maybe non-power-of-2 and have incompatible texture filtering.
[0209/062246:ERROR:gles2_cmd_decoder.cc(14683)] [.CommandBufferContext.DisplayCompositor-0AAF2A70]GL ERROR :GL_INVALID_OPERATION : glCreateAndConsumeTextureCHROMIUM: invalid mailbox name
[0209/062246:ERROR:gles2_cmd_decoder.cc(7857)] [.CommandBufferContext.DisplayCompositor-0AAF2A70]RENDER WARNING: texture bound to texture unit 0 is not renderable. It maybe non-power-of-2 and have incompatible texture filtering.
[0209/062246:ERROR:gles2_cmd_decoder.cc(14683)] [.CommandBufferContext.DisplayCompositor-0AAF2A70]GL ERROR :GL_INVALID_OPERATION : glCreateAndConsumeTextureCHROMIUM: invalid mailbox name
[0209/062246:ERROR:gles2_cmd_decoder.cc(7857)] [.CommandBufferContext.DisplayCompositor-0AAF2A70]RENDER WARNING: texture bound to texture unit 0 is not renderable. It maybe non-power-of-2 and have incompatible texture filtering.
[0209/062246:ERROR:gles2_cmd_decoder.cc(14683)] [.CommandBufferContext.DisplayCompositor-0AAF2A70]GL ERROR :GL_INVALID_OPERATION : glCreateAndConsumeTextureCHROMIUM: invalid mailbox name
[0209/062246:ERROR:gles2_cmd_decoder.cc(7857)] [.CommandBufferContext.DisplayCompositor-0AAF2A70]RENDER WARNING: texture bound to texture unit 0 is not renderable. It maybe non-power-of-2 and have incompatible texture filtering.
[0209/062246:ERROR:gles2_cmd_decoder.cc(14683)] [.CommandBufferContext.DisplayCompositor-0AAF2A70]GL ERROR :GL_INVALID_OPERATION : glCreateAndConsumeTextureCHROMIUM: invalid mailbox name
[0209/062246:ERROR:gles2_cmd_decoder.cc(7857)] [.CommandBufferContext.DisplayCompositor-0AAF2A70]RENDER WARNING: texture bound to texture unit 0 is not renderable. It maybe non-power-of-2 and have incompatible texture filtering.
[0209/062246:ERROR:gles2_cmd_decoder.cc(14683)] [.CommandBufferContext.DisplayCompositor-0AAF2A70]GL ERROR :GL_INVALID_OPERATION : glCreateAndConsumeTextureCHROMIUM: invalid mailbox name
[0209/062246:ERROR:gles2_cmd_decoder.cc(7857)] [.CommandBufferContext.DisplayCompositor-0AAF2A70]RENDER WARNING: texture bound to texture unit 0 is not renderable. It maybe non-power-of-2 and have incompatible texture filtering.
[0209/062246:ERROR:gles2_cmd_decoder.cc(14683)] [.CommandBufferContext.DisplayCompositor-0AAF2A70]GL ERROR :GL_INVALID_OPERATION : glCreateAndConsumeTextureCHROMIUM: invalid mailbox name
[0209/062246:ERROR:gles2_cmd_decoder.cc(7857)] [.CommandBufferContext.DisplayCompositor-0AAF2A70]RENDER WARNING: texture bound to texture unit 0 is not renderable. It maybe non-power-of-2 and have incompatible texture filtering.
[0209/062246:ERROR:gles2_cmd_decoder.cc(14683)] [.CommandBufferContext.DisplayCompositor-0AAF2A70]GL ERROR :GL_INVALID_OPERATION : glCreateAndConsumeTextureCHROMIUM: invalid mailbox name
[0209/062246:ERROR:gles2_cmd_decoder.cc(7857)] [.CommandBufferContext.DisplayCompositor-0AAF2A70]RENDER WARNING: texture bound to texture unit 0 is not renderable. It maybe non-power-of-2 and have incompatible texture filtering.
[0209/062246:ERROR:gles2_cmd_decoder.cc(14683)] [.CommandBufferContext.DisplayCompositor-0AAF2A70]GL ERROR :GL_INVALID_OPERATION : glCreateAndConsumeTextureCHROMIUM: invalid mailbox name
[0209/062246:ERROR:gles2_cmd_decoder.cc(7857)] [.CommandBufferContext.DisplayCompositor-0AAF2A70]RENDER WARNING: texture bound to texture unit 0 is not renderable. It maybe non-power-of-2 and have incompatible texture filtering.
[0209/062246:ERROR:gles2_cmd_decoder.cc(14683)] [.CommandBufferContext.DisplayCompositor-0AAF2A70]GL ERROR :GL_INVALID_OPERATION : glCreateAndConsumeTextureCHROMIUM: invalid mailbox name
[0209/062246:ERROR:gles2_cmd_decoder.cc(7857)] [.CommandBufferContext.DisplayCompositor-0AAF2A70]RENDER WARNING: texture bound to texture unit 0 is not renderable. It maybe non-power-of-2 and have incompatible texture filtering.
[0209/062246:ERROR:gles2_cmd_decoder.cc(14683)] [.CommandBufferContext.DisplayCompositor-0AAF2A70]GL ERROR :GL_INVALID_OPERATION : glCreateAndConsumeTextureCHROMIUM: invalid mailbox name
[0209/062246:ERROR:gles2_cmd_decoder.cc(7857)] [.CommandBufferContext.DisplayCompositor-0AAF2A70]RENDER WARNING: texture bound to texture unit 0 is not renderable. It maybe non-power-of-2 and have incompatible texture filtering.
[0209/062246:ERROR:gles2_cmd_decoder.cc(14683)] [.CommandBufferContext.DisplayCompositor-0AAF2A70]GL ERROR :GL_INVALID_OPERATION : glCreateAndConsumeTextureCHROMIUM: invalid mailbox name
[0209/062246:ERROR:gles2_cmd_decoder.cc(7857)] [.CommandBufferContext.DisplayCompositor-0AAF2A70]RENDER WARNING: texture bound to texture unit 0 is not renderable. It maybe non-power-of-2 and have incompatible texture filtering.
[0209/062246:ERROR:gles2_cmd_decoder.cc(14683)] [.CommandBufferContext.DisplayCompositor-0AAF2A70]GL ERROR :GL_INVALID_OPERATION : glCreateAndConsumeTextureCHROMIUM: invalid mailbox name
[0209/062246:ERROR:gles2_cmd_decoder.cc(7857)] [.CommandBufferContext.DisplayCompositor-0AAF2A70]RENDER WARNING: texture bound to texture unit 0 is not renderable. It maybe non-power-of-2 and have incompatible texture filtering.
[0209/062246:ERROR:gles2_cmd_decoder.cc(14683)] [.CommandBufferContext.DisplayCompositor-0AAF2A70]GL ERROR :GL_INVALID_OPERATION : glCreateAndConsumeTextureCHROMIUM: invalid mailbox name
[0209/062246:ERROR:gles2_cmd_decoder.cc(7857)] [.CommandBufferContext.DisplayCompositor-0AAF2A70]RENDER WARNING: texture bound to texture unit 0 is not renderable. It maybe non-power-of-2 and have incompatible texture filtering.
[0209/062246:ERROR:gles2_cmd_decoder.cc(14683)] [.CommandBufferContext.DisplayCompositor-0AAF2A70]GL ERROR :GL_INVALID_OPERATION : glCreateAndConsumeTextureCHROMIUM: invalid mailbox name
[0209/062246:ERROR:gles2_cmd_decoder.cc(7857)] [.CommandBufferContext.DisplayCompositor-0AAF2A70]RENDER WARNING: texture bound to texture unit 0 is not renderable. It maybe non-power-of-2 and have incompatible texture filtering.
[0209/062246:ERROR:gles2_cmd_decoder.cc(14683)] [.CommandBufferContext.DisplayCompositor-0AAF2A70]GL ERROR :GL_INVALID_OPERATION : glCreateAndConsumeTextureCHROMIUM: invalid mailbox name
[0209/062246:ERROR:gles2_cmd_decoder.cc(7857)] [.CommandBufferContext.DisplayCompositor-0AAF2A70]RENDER WARNING: texture bound to texture unit 0 is not renderable. It maybe non-power-of-2 and have incompatible texture filtering.
[0209/062246:ERROR:gles2_cmd_decoder.cc(14683)] [.CommandBufferContext.DisplayCompositor-0AAF2A70]GL ERROR :GL_INVALID_OPERATION : glCreateAndConsumeTextureCHROMIUM: invalid mailbox name
[0209/062246:ERROR:gles2_cmd_decoder.cc(7857)] [.CommandBufferContext.DisplayCompositor-0AAF2A70]RENDER WARNING: texture bound to texture unit 0 is not renderable. It maybe non-power-of-2 and have incompatible texture filtering.
[0209/062246:ERROR:gles2_cmd_decoder.cc(14683)] [.CommandBufferContext.DisplayCompositor-0AAF2A70]GL ERROR :GL_INVALID_OPERATION : glCreateAndConsumeTextureCHROMIUM: invalid mailbox name
[0209/062246:ERROR:gles2_cmd_decoder.cc(14683)] [.CommandBufferContext.DisplayCompositor-0AAF2A70]GL ERROR :GL_INVALID_OPERATION : glCreateAndConsumeTextureCHROMIUM: invalid mailbox name
[0209/062246:ERROR:gles2_cmd_decoder.cc(7857)] [.CommandBufferContext.DisplayCompositor-0AAF2A70]RENDER WARNING: texture bound to texture unit 0 is not renderable. It maybe non-power-of-2 and have incompatible texture filtering.
[0209/062246:ERROR:gles2_cmd_decoder.cc(7857)] [.CommandBufferContext.DisplayCompositor-0AAF2A70]RENDER WARNING: texture bound to texture unit 0 is not renderable. It maybe non-power-of-2 and have incompatible texture filtering.
[0209/062247:WARNING:backend_impl.cc(1807)] Destroying invalid entry.
[0209/062247:INFO:CONSOLE(0)] "Synchronous XMLHttpRequest on the main thread is deprecated because of its detrimental effects to the end user's experience. For more help, check https://xhr.spec.whatwg.org/.", source:  (0)
[0209/062257:WARNING:backend_impl.cc(1807)] Destroying invalid entry.
[0209/062257:INFO:CONSOLE(0)] "Synchronous XMLHttpRequest on the main thread is deprecated because of its detrimental effects to the end user's experience. For more help, check https://xhr.spec.whatwg.org/.", source:  (0)
[0209/062304:INFO:CONSOLE(0)] "Synchronous XMLHttpRequest on the main thread is deprecated because of its detrimental effects to the end user's experience. For more help, check https://xhr.spec.whatwg.org/.", source:  (0)
[0209/062305:INFO:CONSOLE(0)] "Synchronous XMLHttpRequest on the main thread is deprecated because of its detrimental effects to the end user's experience. For more help, check https://xhr.spec.whatwg.org/.", source:  (0)
[0209/062309:INFO:CONSOLE(0)] "Synchronous XMLHttpRequest on the main thread is deprecated because of its detrimental effects to the end user's experience. For more help, check https://xhr.spec.whatwg.org/.", source:  (0)
[0209/062318:INFO:CONSOLE(0)] "Synchronous XMLHttpRequest on the main thread is deprecated because of its detrimental effects to the end user's experience. For more help, check https://xhr.spec.whatwg.org/.", source:  (0)
[0209/062326:WARNING:backend_impl.cc(1807)] Destroying invalid entry.
[0209/062326:INFO:CONSOLE(0)] "Synchronous XMLHttpRequest on the main thread is deprecated because of its detrimental effects to the end user's experience. For more help, check https://xhr.spec.whatwg.org/.", source:  (0)
[0209/062358:INFO:CONSOLE(0)] "Synchronous XMLHttpRequest on the main thread is deprecated because of its detrimental effects to the end user's experience. For more help, check https://xhr.spec.whatwg.org/.", source:  (0)
[0209/062405:INFO:CONSOLE(0)] "Synchronous XMLHttpRequest on the main thread is deprecated because of its detrimental effects to the end user's experience. For more help, check https://xhr.spec.whatwg.org/.", source:  (0)
[0209/062408:ERROR:ipc_channel_win.cc(519)] pipe error: 232
[0209/062421:INFO:CONSOLE(0)] "Synchronous XMLHttpRequest on the main thread is deprecated because of its detrimental effects to the end user's experience. For more help, check https://xhr.spec.whatwg.org/.", source:  (0)
[0209/062428:ERROR:ipc_channel_win.cc(217)] pipe error: 109
[0209/062547:INFO:CONSOLE(0)] "Synchronous XMLHttpRequest on the main thread is deprecated because of its detrimental effects to the end user's experience. For more help, check https://xhr.spec.whatwg.org/.", source:  (0)
[0209/062550:ERROR:ipc_channel_win.cc(217)] pipe error: 109
[0209/062559:INFO:CONSOLE(0)] "Synchronous XMLHttpRequest on the main thread is deprecated because of its detrimental effects to the end user's experience. For more help, check https://xhr.spec.whatwg.org/.", source:  (0)
[0209/062612:INFO:CONSOLE(0)] "Synchronous XMLHttpRequest on the main thread is deprecated because of its detrimental effects to the end user's experience. For more help, check https://xhr.spec.whatwg.org/.", source:  (0)
[0209/062614:INFO:CONSOLE(0)] "Synchronous XMLHttpRequest on the main thread is deprecated because of its detrimental effects to the end user's experience. For more help, check https://xhr.spec.whatwg.org/.", source:  (0)
[0209/062619:INFO:CONSOLE(19)] "http://yzg.diy1000.com/", source: http://yzg.diy1000.com//bin/WebLaucher.html?sign=a260469db20df6fdf07690dc37834a8b&serverid=1&username=v5yx22v5yx&time=1486592894&pf=zeen&cm=1 (19)
[0209/062629:INFO:CONSOLE(0)] "Synchronous XMLHttpRequest on the main thread is deprecated because of its detrimental effects to the end user's experience. For more help, check https://xhr.spec.whatwg.org/.", source:  (0)
[0209/062632:INFO:CONSOLE(7)] "The key "target-densitydpi" is not supported.", source: http://qm.qq.com/cgi-bin/qm/qr?k=sPaKegzeTcsMH89SW4f5IdZZBsQmF5Tq (7)
[0209/062659:ERROR:ipc_channel_win.cc(217)] pipe error: 109
[0209/063024:INFO:CONSOLE(0)] "Synchronous XMLHttpRequest on the main thread is deprecated because of its detrimental effects to the end user's experience. For more help, check https://xhr.spec.whatwg.org/.", source:  (0)
[0209/063038:INFO:CONSOLE(0)] "Synchronous XMLHttpRequest on the main thread is deprecated because of its detrimental effects to the end user's experience. For more help, check https://xhr.spec.whatwg.org/.", source:  (0)
[0209/063224:WARNING:backend_impl.cc(1807)] Destroying invalid entry.
[0209/063224:INFO:CONSOLE(0)] "Synchronous XMLHttpRequest on the main thread is deprecated because of its detrimental effects to the end user's experience. For more help, check https://xhr.spec.whatwg.org/.", source:  (0)
[0209/063352:WARNING:backend_impl.cc(1807)] Destroying invalid entry.
[0209/063352:INFO:CONSOLE(0)] "Synchronous XMLHttpRequest on the main thread is deprecated because of its detrimental effects to the end user's experience. For more help, check https://xhr.spec.whatwg.org/.", source:  (0)
[0209/063401:FATAL:memory.cc(19)] Out of memory. size=4194304
[0209/063413:INFO:CONSOLE(0)] "Synchronous XMLHttpRequest on the main thread is deprecated because of its detrimental effects to the end user's experience. For more help, check https://xhr.spec.whatwg.org/.", source:  (0)
[0209/063414:WARNING:backend_impl.cc(1807)] Destroying invalid entry.
[0209/063844:INFO:CONSOLE(0)] "Synchronous XMLHttpRequest on the main thread is deprecated because of its detrimental effects to the end user's experience. For more help, check https://xhr.spec.whatwg.org/.", source:  (0)
[0209/063845:WARNING:backend_impl.cc(1807)] Destroying invalid entry.
[0209/063906:WARNING:backend_impl.cc(1807)] Destroying invalid entry.
[0209/063907:INFO:CONSOLE(0)] "Synchronous XMLHttpRequest on the main thread is deprecated because of its detrimental effects to the end user's experience. For more help, check https://xhr.spec.whatwg.org/.", source:  (0)
[0209/063941:INFO:CONSOLE(0)] "Synchronous XMLHttpRequest on the main thread is deprecated because of its detrimental effects to the end user's experience. For more help, check https://xhr.spec.whatwg.org/.", source:  (0)
[0209/063949:ERROR:ipc_channel_win.cc(217)] pipe error: 109
[0209/064037:INFO:CONSOLE(0)] "Synchronous XMLHttpRequest on the main thread is deprecated because of its detrimental effects to the end user's experience. For more help, check https://xhr.spec.whatwg.org/.", source:  (0)
[0209/064114:INFO:CONSOLE(0)] "Synchronous XMLHttpRequest on the main thread is deprecated because of its detrimental effects to the end user's experience. For more help, check https://xhr.spec.whatwg.org/.", source:  (0)
[0209/064152:INFO:CONSOLE(0)] "Synchronous XMLHttpRequest on the main thread is deprecated because of its detrimental effects to the end user's experience. For more help, check https://xhr.spec.whatwg.org/.", source:  (0)
[0209/064155:WARNING:backend_impl.cc(1807)] Destroying invalid entry.
[0209/064240:INFO:CONSOLE(0)] "Synchronous XMLHttpRequest on the main thread is deprecated because of its detrimental effects to the end user's experience. For more help, check https://xhr.spec.whatwg.org/.", source:  (0)
[0209/064457:INFO:CONSOLE(0)] "Synchronous XMLHttpRequest on the main thread is deprecated because of its detrimental effects to the end user's experience. For more help, check https://xhr.spec.whatwg.org/.", source:  (0)
[0209/064504:INFO:CONSOLE(0)] "Synchronous XMLHttpRequest on the main thread is deprecated because of its detrimental effects to the end user's experience. For more help, check https://xhr.spec.whatwg.org/.", source:  (0)
[0209/064505:INFO:CONSOLE(0)] "Synchronous XMLHttpRequest on the main thread is deprecated because of its detrimental effects to the end user's experience. For more help, check https://xhr.spec.whatwg.org/.", source:  (0)
[0209/064508:ERROR:gles2_cmd_decoder.cc(14683)] [.CommandBufferContext.DisplayCompositor-002E2958]GL ERROR :GL_INVALID_OPERATION : glCreateAndConsumeTextureCHROMIUM: invalid mailbox name
[0209/064508:ERROR:gles2_cmd_decoder.cc(7857)] [.CommandBufferContext.DisplayCompositor-002E2958]RENDER WARNING: texture bound to texture unit 0 is not renderable. It maybe non-power-of-2 and have incompatible texture filtering.
[0209/064508:ERROR:gles2_cmd_decoder.cc(14683)] [.CommandBufferContext.DisplayCompositor-002E2958]GL ERROR :GL_INVALID_OPERATION : glCreateAndConsumeTextureCHROMIUM: invalid mailbox name
[0209/064508:ERROR:gles2_cmd_decoder.cc(7857)] [.CommandBufferContext.DisplayCompositor-002E2958]RENDER WARNING: texture bound to texture unit 0 is not renderable. It maybe non-power-of-2 and have incompatible texture filtering.
[0209/064508:ERROR:gles2_cmd_decoder.cc(14683)] [.CommandBufferContext.DisplayCompositor-002E2958]GL ERROR :GL_INVALID_OPERATION : glCreateAndConsumeTextureCHROMIUM: invalid mailbox name
[0209/064508:ERROR:gles2_cmd_decoder.cc(7857)] [.CommandBufferContext.DisplayCompositor-002E2958]RENDER WARNING: texture bound to texture unit 0 is not renderable. It maybe non-power-of-2 and have incompatible texture filtering.
[0209/064508:ERROR:gles2_cmd_decoder.cc(14683)] [.CommandBufferContext.DisplayCompositor-002E2958]GL ERROR :GL_INVALID_OPERATION : glCreateAndConsumeTextureCHROMIUM: invalid mailbox name
[0209/064508:ERROR:gles2_cmd_decoder.cc(7857)] [.CommandBufferContext.DisplayCompositor-002E2958]RENDER WARNING: texture bound to texture unit 0 is not renderable. It maybe non-power-of-2 and have incompatible texture filtering.
[0209/064508:ERROR:gles2_cmd_decoder.cc(14683)] [.CommandBufferContext.DisplayCompositor-002E2958]GL ERROR :GL_INVALID_OPERATION : glCreateAndConsumeTextureCHROMIUM: invalid mailbox name
[0209/064508:ERROR:gles2_cmd_decoder.cc(7857)] [.CommandBufferContext.DisplayCompositor-002E2958]RENDER WARNING: texture bound to texture unit 0 is not renderable. It maybe non-power-of-2 and have incompatible texture filtering.
[0209/064508:ERROR:gles2_cmd_decoder.cc(14683)] [.CommandBufferContext.DisplayCompositor-002E2958]GL ERROR :GL_INVALID_OPERATION : glCreateAndConsumeTextureCHROMIUM: invalid mailbox name
[0209/064508:ERROR:gles2_cmd_decoder.cc(7857)] [.CommandBufferContext.DisplayCompositor-002E2958]RENDER WARNING: texture bound to texture unit 0 is not renderable. It maybe non-power-of-2 and have incompatible texture filtering.
[0209/064508:ERROR:gles2_cmd_decoder.cc(14683)] [.CommandBufferContext.DisplayCompositor-002E2958]GL ERROR :GL_INVALID_OPERATION : glCreateAndConsumeTextureCHROMIUM: invalid mailbox name
[0209/064508:ERROR:gles2_cmd_decoder.cc(7857)] [.CommandBufferContext.DisplayCompositor-002E2958]RENDER WARNING: texture bound to texture unit 0 is not renderable. It maybe non-power-of-2 and have incompatible texture filtering.
[0209/064508:ERROR:gles2_cmd_decoder.cc(14683)] [.CommandBufferContext.DisplayCompositor-002E2958]GL ERROR :GL_INVALID_OPERATION : glCreateAndConsumeTextureCHROMIUM: invalid mailbox name
[0209/064508:ERROR:gles2_cmd_decoder.cc(7857)] [.CommandBufferContext.DisplayCompositor-002E2958]RENDER WARNING: texture bound to texture unit 0 is not renderable. It maybe non-power-of-2 and have incompatible texture filtering.
[0209/064508:ERROR:gles2_cmd_decoder.cc(14683)] [.CommandBufferContext.DisplayCompositor-002E2958]GL ERROR :GL_INVALID_OPERATION : glCreateAndConsumeTextureCHROMIUM: invalid mailbox name
[0209/064508:ERROR:gles2_cmd_decoder.cc(7857)] [.CommandBufferContext.DisplayCompositor-002E2958]RENDER WARNING: texture bound to texture unit 0 is not renderable. It maybe non-power-of-2 and have incompatible texture filtering.
[0209/064508:ERROR:gles2_cmd_decoder.cc(14683)] [.CommandBufferContext.DisplayCompositor-002E2958]GL ERROR :GL_INVALID_OPERATION : glCreateAndConsumeTextureCHROMIUM: invalid mailbox name
[0209/064508:ERROR:gles2_cmd_decoder.cc(7857)] [.CommandBufferContext.DisplayCompositor-002E2958]RENDER WARNING: texture bound to texture unit 0 is not renderable. It maybe non-power-of-2 and have incompatible texture filtering.
[0209/064508:ERROR:gles2_cmd_decoder.cc(14683)] [.CommandBufferContext.DisplayCompositor-002E2958]GL ERROR :GL_INVALID_OPERATION : glCreateAndConsumeTextureCHROMIUM: invalid mailbox name
[0209/064508:ERROR:gles2_cmd_decoder.cc(7857)] [.CommandBufferContext.DisplayCompositor-002E2958]RENDER WARNING: texture bound to texture unit 0 is not renderable. It maybe non-power-of-2 and have incompatible texture filtering.
[0209/064508:ERROR:gles2_cmd_decoder.cc(14683)] [.CommandBufferContext.DisplayCompositor-002E2958]GL ERROR :GL_INVALID_OPERATION : glCreateAndConsumeTextureCHROMIUM: invalid mailbox name
[0209/064508:ERROR:gles2_cmd_decoder.cc(7857)] [.CommandBufferContext.DisplayCompositor-002E2958]RENDER WARNING: texture bound to texture unit 0 is not renderable. It maybe non-power-of-2 and have incompatible texture filtering.
[0209/065144:INFO:CONSOLE(0)] "Synchronous XMLHttpRequest on the main thread is deprecated because of its detrimental effects to the end user's experience. For more help, check https://xhr.spec.whatwg.org/.", source:  (0)
[0209/065211:INFO:CONSOLE(0)] "Synchronous XMLHttpRequest on the main thread is deprecated because of its detrimental effects to the end user's experience. For more help, check https://xhr.spec.whatwg.org/.", source:  (0)
[0209/065218:INFO:CONSOLE(0)] "Synchronous XMLHttpRequest on the main thread is deprecated because of its detrimental effects to the end user's experience. For more help, check https://xhr.spec.whatwg.org/.", source:  (0)
[0209/065222:INFO:CONSOLE(19)] "http://yzg.diy1000.com/", source: http://yzg.diy1000.com//bin/WebLaucher.html?sign=3a5b7bef4c5389ec49ec2b2a86e6eb40&serverid=1&username=v5yx22v5yx&time=1486594459&pf=zeen&cm=1 (19)
[0209/065632:WARNING:audio_sync_reader.cc(132)] AudioSyncReader::Read timed out, audio glitch count=1
[0209/065632:WARNING:audio_sync_reader.cc(132)] AudioSyncReader::Read timed out, audio glitch count=2
[0209/065632:WARNING:audio_sync_reader.cc(132)] AudioSyncReader::Read timed out, audio glitch count=3
[0209/065632:WARNING:audio_sync_reader.cc(132)] AudioSyncReader::Read timed out, audio glitch count=4
[0209/065632:WARNING:audio_sync_reader.cc(132)] AudioSyncReader::Read timed out, audio glitch count=5
[0209/065632:WARNING:audio_sync_reader.cc(132)] AudioSyncReader::Read timed out, audio glitch count=6
[0209/065632:WARNING:audio_sync_reader.cc(132)] AudioSyncReader::Read timed out, audio glitch count=7
[0209/065632:WARNING:audio_sync_reader.cc(132)] AudioSyncReader::Read timed out, audio glitch count=8
[0209/065735:ERROR:ipc_channel_win.cc(217)] pipe error: 109
[0209/065735:ERROR:ipc_channel_win.cc(217)] pipe error: 109
[0209/153113:INFO:CONSOLE(0)] "Synchronous XMLHttpRequest on the main thread is deprecated because of its detrimental effects to the end user's experience. For more help, check https://xhr.spec.whatwg.org/.", source:  (0)
[0209/153143:INFO:CONSOLE(0)] "Synchronous XMLHttpRequest on the main thread is deprecated because of its detrimental effects to the end user's experience. For more help, check https://xhr.spec.whatwg.org/.", source:  (0)
[0209/153147:INFO:CONSOLE(0)] "Synchronous XMLHttpRequest on the main thread is deprecated because of its detrimental effects to the end user's experience. For more help, check https://xhr.spec.whatwg.org/.", source:  (0)
[0209/153232:ERROR:ipc_channel_win.cc(217)] pipe error: 109
[0209/153332:INFO:CONSOLE(0)] "Synchronous XMLHttpRequest on the main thread is deprecated because of its detrimental effects to the end user's experience. For more help, check https://xhr.spec.whatwg.org/.", source:  (0)
[0209/153356:INFO:CONSOLE(0)] "Synchronous XMLHttpRequest on the main thread is deprecated because of its detrimental effects to the end user's experience. For more help, check https://xhr.spec.whatwg.org/.", source:  (0)
[0209/153401:INFO:CONSOLE(0)] "Synchronous XMLHttpRequest on the main thread is deprecated because of its detrimental effects to the end user's experience. For more help, check https://xhr.spec.whatwg.org/.", source:  (0)
[0209/153412:INFO:CONSOLE(0)] "Synchronous XMLHttpRequest on the main thread is deprecated because of its detrimental effects to the end user's experience. For more help, check https://xhr.spec.whatwg.org/.", source:  (0)
[0209/153424:INFO:CONSOLE(0)] "Synchronous XMLHttpRequest on the main thread is deprecated because of its detrimental effects to the end user's experience. For more help, check https://xhr.spec.whatwg.org/.", source:  (0)
[0209/153440:INFO:CONSOLE(0)] "Synchronous XMLHttpRequest on the main thread is deprecated because of its detrimental effects to the end user's experience. For more help, check https://xhr.spec.whatwg.org/.", source:  (0)
[0209/153443:INFO:CONSOLE(0)] "Synchronous XMLHttpRequest on the main thread is deprecated because of its detrimental effects to the end user's experience. For more help, check https://xhr.spec.whatwg.org/.", source:  (0)
[0209/153446:ERROR:ipc_channel_win.cc(217)] pipe error: 109
[0209/153519:INFO:CONSOLE(0)] "Synchronous XMLHttpRequest on the main thread is deprecated because of its detrimental effects to the end user's experience. For more help, check https://xhr.spec.whatwg.org/.", source:  (0)
[0209/153547:INFO:CONSOLE(0)] "Synchronous XMLHttpRequest on the main thread is deprecated because of its detrimental effects to the end user's experience. For more help, check https://xhr.spec.whatwg.org/.", source:  (0)
[0209/153550:INFO:CONSOLE(0)] "Synchronous XMLHttpRequest on the main thread is deprecated because of its detrimental effects to the end user's experience. For more help, check https://xhr.spec.whatwg.org/.", source:  (0)
[0209/153809:INFO:CONSOLE(0)] "Synchronous XMLHttpRequest on the main thread is deprecated because of its detrimental effects to the end user's experience. For more help, check https://xhr.spec.whatwg.org/.", source:  (0)
[0209/171002:INFO:CONSOLE(0)] "Synchronous XMLHttpRequest on the main thread is deprecated because of its detrimental effects to the end user's experience. For more help, check https://xhr.spec.whatwg.org/.", source:  (0)
[0209/171043:WARNING:backend_impl.cc(1807)] Destroying invalid entry.
[0209/171043:WARNING:backend_impl.cc(1593)] Messed up entry found.
[0209/171043:WARNING:backend_impl.cc(1807)] Destroying invalid entry.
[0209/171044:INFO:CONSOLE(0)] "Synchronous XMLHttpRequest on the main thread is deprecated because of its detrimental effects to the end user's experience. For more help, check https://xhr.spec.whatwg.org/.", source:  (0)
[0209/171044:WARNING:backend_impl.cc(1593)] Messed up entry found.
[0209/171044:WARNING:backend_impl.cc(1807)] Destroying invalid entry.
[0209/171048:WARNING:backend_impl.cc(1593)] Messed up entry found.
[0209/171048:WARNING:backend_impl.cc(1807)] Destroying invalid entry.
[0209/171049:WARNING:backend_impl.cc(1593)] Messed up entry found.
[0209/171049:WARNING:backend_impl.cc(1807)] Destroying invalid entry.
[0209/171050:WARNING:backend_impl.cc(1593)] Messed up entry found.
[0209/171050:WARNING:backend_impl.cc(1807)] Destroying invalid entry.
[0209/171106:WARNING:backend_impl.cc(1593)] Messed up entry found.
[0209/171106:WARNING:backend_impl.cc(1807)] Destroying invalid entry.
[0209/171106:INFO:CONSOLE(0)] "Synchronous XMLHttpRequest on the main thread is deprecated because of its detrimental effects to the end user's experience. For more help, check https://xhr.spec.whatwg.org/.", source:  (0)
[0209/171159:WARNING:backend_impl.cc(1807)] Destroying invalid entry.
[0209/171200:INFO:CONSOLE(0)] "Synchronous XMLHttpRequest on the main thread is deprecated because of its detrimental effects to the end user's experience. For more help, check https://xhr.spec.whatwg.org/.", source:  (0)
[0209/171407:WARNING:backend_impl.cc(1807)] Destroying invalid entry.
[0209/171407:INFO:CONSOLE(0)] "Synchronous XMLHttpRequest on the main thread is deprecated because of its detrimental effects to the end user's experience. For more help, check https://xhr.spec.whatwg.org/.", source:  (0)
[0209/171453:INFO:CONSOLE(0)] "Synchronous XMLHttpRequest on the main thread is deprecated because of its detrimental effects to the end user's experience. For more help, check https://xhr.spec.whatwg.org/.", source:  (0)
[0209/171530:INFO:CONSOLE(0)] "Synchronous XMLHttpRequest on the main thread is deprecated because of its detrimental effects to the end user's experience. For more help, check https://xhr.spec.whatwg.org/.", source:  (0)
[0209/171605:INFO:CONSOLE(0)] "Synchronous XMLHttpRequest on the main thread is deprecated because of its detrimental effects to the end user's experience. For more help, check https://xhr.spec.whatwg.org/.", source:  (0)
[0209/171635:ERROR:ipc_channel_win.cc(519)] pipe error: 232
[0209/171635:ERROR:ipc_channel_win.cc(519)] pipe error: 232
[0209/171635:ERROR:ipc_channel_win.cc(217)] pipe error: 109
[0209/171705:INFO:CONSOLE(0)] "Synchronous XMLHttpRequest on the main thread is deprecated because of its detrimental effects to the end user's experience. For more help, check https://xhr.spec.whatwg.org/.", source:  (0)
[0209/172122:INFO:CONSOLE(0)] "Synchronous XMLHttpRequest on the main thread is deprecated because of its detrimental effects to the end user's experience. For more help, check https://xhr.spec.whatwg.org/.", source:  (0)
[0209/172152:WARNING:backend_impl.cc(1807)] Destroying invalid entry.
[0209/172152:INFO:CONSOLE(0)] "Synchronous XMLHttpRequest on the main thread is deprecated because of its detrimental effects to the end user's experience. For more help, check https://xhr.spec.whatwg.org/.", source:  (0)
[0209/172329:INFO:CONSOLE(0)] "Synchronous XMLHttpRequest on the main thread is deprecated because of its detrimental effects to the end user's experience. For more help, check https://xhr.spec.whatwg.org/.", source:  (0)
[0209/172349:ERROR:ipc_channel_win.cc(217)] pipe error: 109
[0209/172438:INFO:CONSOLE(0)] "Synchronous XMLHttpRequest on the main thread is deprecated because of its detrimental effects to the end user's experience. For more help, check https://xhr.spec.whatwg.org/.", source:  (0)
[0209/172518:ERROR:ipc_channel_win.cc(217)] pipe error: 109
[0209/172644:INFO:CONSOLE(0)] "Synchronous XMLHttpRequest on the main thread is deprecated because of its detrimental effects to the end user's experience. For more help, check https://xhr.spec.whatwg.org/.", source:  (0)
[0209/172717:ERROR:ipc_channel_win.cc(519)] pipe error: 232
[0209/173024:INFO:CONSOLE(0)] "Synchronous XMLHttpRequest on the main thread is deprecated because of its detrimental effects to the end user's experience. For more help, check https://xhr.spec.whatwg.org/.", source:  (0)
[0209/173130:INFO:CONSOLE(0)] "Synchronous XMLHttpRequest on the main thread is deprecated because of its detrimental effects to the end user's experience. For more help, check https://xhr.spec.whatwg.org/.", source:  (0)
[0209/173143:ERROR:ipc_channel_win.cc(519)] pipe error: 232
[0209/173143:ERROR:ipc_channel_win.cc(519)] pipe error: 232
[0209/173143:ERROR:ipc_channel_win.cc(519)] pipe error: 232
[0209/173143:ERROR:ipc_channel_win.cc(217)] pipe error: 109
[0209/173214:INFO:CONSOLE(0)] "Synchronous XMLHttpRequest on the main thread is deprecated because of its detrimental effects to the end user's experience. For more help, check https://xhr.spec.whatwg.org/.", source:  (0)
[0209/173301:WARNING:audio_sync_reader.cc(132)] AudioSyncReader::Read timed out, audio glitch count=1
[0209/173301:WARNING:audio_sync_reader.cc(132)] AudioSyncReader::Read timed out, audio glitch count=2
[0209/173301:WARNING:audio_sync_reader.cc(132)] AudioSyncReader::Read timed out, audio glitch count=3
[0209/173301:WARNING:audio_sync_reader.cc(132)] AudioSyncReader::Read timed out, audio glitch count=4
[0209/173301:WARNING:audio_sync_reader.cc(132)] AudioSyncReader::Read timed out, audio glitch count=5
[0209/173301:WARNING:audio_sync_reader.cc(132)] AudioSyncReader::Read timed out, audio glitch count=6
[0209/173301:WARNING:audio_sync_reader.cc(132)] AudioSyncReader::Read timed out, audio glitch count=7
[0209/173301:WARNING:audio_sync_reader.cc(132)] AudioSyncReader::Read timed out, audio glitch count=8
[0209/173301:WARNING:audio_sync_reader.cc(132)] AudioSyncReader::Read timed out, audio glitch count=9
[0209/173301:WARNING:audio_sync_reader.cc(132)] AudioSyncReader::Read timed out, audio glitch count=10
[0209/173301:WARNING:audio_sync_reader.cc(132)] AudioSyncReader::Read timed out, audio glitch count=11
[0209/173301:WARNING:audio_sync_reader.cc(132)] AudioSyncReader::Read timed out, audio glitch count=12
[0209/173301:WARNING:audio_sync_reader.cc(132)] AudioSyncReader::Read timed out, audio glitch count=13
[0209/173301:WARNING:audio_sync_reader.cc(132)] AudioSyncReader::Read timed out, audio glitch count=14
[0209/173315:WARNING:audio_sync_reader.cc(132)] AudioSyncReader::Read timed out, audio glitch count=15
[0209/173315:WARNING:audio_sync_reader.cc(132)] AudioSyncReader::Read timed out, audio glitch count=16
[0209/173315:WARNING:audio_sync_reader.cc(132)] AudioSyncReader::Read timed out, audio glitch count=17
[0209/173315:WARNING:audio_sync_reader.cc(132)] AudioSyncReader::Read timed out, audio glitch count=18
[0209/173315:WARNING:audio_sync_reader.cc(132)] AudioSyncReader::Read timed out, audio glitch count=19
[0209/173315:WARNING:audio_sync_reader.cc(132)] AudioSyncReader::Read timed out, audio glitch count=20
[0209/173355:WARNING:audio_sync_reader.cc(132)] AudioSyncReader::Read timed out, audio glitch count=21
[0209/173355:WARNING:audio_sync_reader.cc(132)] AudioSyncReader::Read timed out, audio glitch count=22
[0209/173355:WARNING:audio_sync_reader.cc(132)] AudioSyncReader::Read timed out, audio glitch count=23
[0209/173355:WARNING:audio_sync_reader.cc(132)] AudioSyncReader::Read timed out, audio glitch count=24
[0209/173355:WARNING:audio_sync_reader.cc(132)] AudioSyncReader::Read timed out, audio glitch count=25
[0209/173355:WARNING:audio_sync_reader.cc(132)] AudioSyncReader::Read timed out, audio glitch count=26
[0209/173355:WARNING:audio_sync_reader.cc(132)] AudioSyncReader::Read timed out, audio glitch count=27
[0209/173355:WARNING:audio_sync_reader.cc(132)] AudioSyncReader::Read timed out, audio glitch count=28
[0209/173634:WARNING:audio_sync_reader.cc(132)] AudioSyncReader::Read timed out, audio glitch count=29
[0209/173634:WARNING:audio_sync_reader.cc(132)] AudioSyncReader::Read timed out, audio glitch count=30
[0209/173635:WARNING:audio_sync_reader.cc(132)] AudioSyncReader::Read timed out, audio glitch count=31
[0209/173635:WARNING:audio_sync_reader.cc(132)] AudioSyncReader::Read timed out, audio glitch count=32
[0209/173635:WARNING:audio_sync_reader.cc(132)] AudioSyncReader::Read timed out, audio glitch count=33
[0209/173636:WARNING:audio_sync_reader.cc(132)] AudioSyncReader::Read timed out, audio glitch count=34
[0209/173636:WARNING:audio_sync_reader.cc(132)] AudioSyncReader::Read timed out, audio glitch count=35
[0209/174019:WARNING:audio_sync_reader.cc(132)] AudioSyncReader::Read timed out, audio glitch count=36
[0209/174949:WARNING:audio_sync_reader.cc(132)] AudioSyncReader::Read timed out, audio glitch count=37
[0209/174950:WARNING:audio_sync_reader.cc(132)] AudioSyncReader::Read timed out, audio glitch count=38
[0209/174950:WARNING:audio_sync_reader.cc(132)] AudioSyncReader::Read timed out, audio glitch count=39
[0209/174952:WARNING:audio_sync_reader.cc(132)] AudioSyncReader::Read timed out, audio glitch count=40
[0209/174954:WARNING:audio_sync_reader.cc(132)] AudioSyncReader::Read timed out, audio glitch count=41
[0209/174955:WARNING:audio_sync_reader.cc(132)] AudioSyncReader::Read timed out, audio glitch count=42
[0209/174958:WARNING:audio_sync_reader.cc(132)] AudioSyncReader::Read timed out, audio glitch count=43
[0209/175003:ERROR:ipc_channel_win.cc(217)] pipe error: 109
[0209/180944:INFO:CONSOLE(0)] "Synchronous XMLHttpRequest on the main thread is deprecated because of its detrimental effects to the end user's experience. For more help, check https://xhr.spec.whatwg.org/.", source:  (0)
[0209/181037:ERROR:cache_util_win.cc(20)] Unable to move the cache: 126
[0209/181037:ERROR:cache_util.cc(134)] Unable to move cache folder debug013webkit\Cache\GPUCache to debug013webkit\Cache\old_GPUCache_000
[0209/181037:ERROR:cache_creator.cc(129)] Unable to create cache
[0209/181037:ERROR:shader_disk_cache.cc(589)] Shader Cache Creation failed: -2
[0209/181037:ERROR:cache_util_win.cc(20)] Unable to move the cache: 5
[0209/181037:ERROR:cache_util.cc(134)] Unable to move cache folder debug013webkit\Cache\ to debug013webkit\old_Cache_000
[0209/181037:ERROR:cache_creator.cc(129)] Unable to create cache
[0209/181040:INFO:CONSOLE(0)] "Synchronous XMLHttpRequest on the main thread is deprecated because of its detrimental effects to the end user's experience. For more help, check https://xhr.spec.whatwg.org/.", source:  (0)
[0209/182335:INFO:CONSOLE(0)] "Synchronous XMLHttpRequest on the main thread is deprecated because of its detrimental effects to the end user's experience. For more help, check https://xhr.spec.whatwg.org/.", source:  (0)
[0307/025833:INFO:CONSOLE(0)] "Synchronous XMLHttpRequest on the main thread is deprecated because of its detrimental effects to the end user's experience. For more help, check https://xhr.spec.whatwg.org/.", source:  (0)
[0307/030137:INFO:CONSOLE(0)] "Synchronous XMLHttpRequest on the main thread is deprecated because of its detrimental effects to the end user's experience. For more help, check https://xhr.spec.whatwg.org/.", source:  (0)
[0307/030141:INFO:CONSOLE(0)] "Synchronous XMLHttpRequest on the main thread is deprecated because of its detrimental effects to the end user's experience. For more help, check https://xhr.spec.whatwg.org/.", source:  (0)
